<?xml version="1.0" encoding="UTF-8"?>
<robot generator="Robot 4.0.2 (Python 3.11.11 on win32)" generated="20260807 17:03:23.674" rpa="false" schemaversion="2">
<suite id="s1" name="RegisterNewStudent" source="c:\Users\ngocgiangtm\automation\T-Shaped 2026\tests\RegisterNewStudent.robot">
<test id="s1-t1" name="Scenario 1.1 Register student with all fields successfully">
<kw name="Open Browser" library="SeleniumLibrary">
<arg>${PRACTICE_FORM_URL}</arg>
<arg>Chrome</arg>
<doc>Opens a new browser instance to the optional ``url``.</doc>
<msg timestamp="20260807 17:03:23.880" level="INFO">Opening browser 'Chrome' to base url 'https://demoqa.com/automation-practice-form'.</msg>
<msg timestamp="20260807 17:03:23.929" level="INFO">Cannot capture screenshot because no browser is open.</msg>
<msg timestamp="20260807 17:03:23.943" level="FAIL">WebDriverException: Message: 'chromedriver' executable needs to be in PATH. Please see https://chromedriver.chromium.org/home
</msg>
<status status="FAIL" starttime="20260807 17:03:23.879" endtime="20260807 17:03:23.944"/>
</kw>
<kw name="Maximize Browser Window" library="SeleniumLibrary">
<doc>Maximizes current browser window.</doc>
<status status="NOT RUN" starttime="20260807 17:03:23.944" endtime="20260807 17:03:23.945"/>
</kw>
<kw name="Sleep" library="BuiltIn">
<arg>2s</arg>
<doc>Pauses the test executed for the given time.</doc>
<status status="NOT RUN" starttime="20260807 17:03:23.945" endtime="20260807 17:03:23.945"/>
</kw>
<kw name="Generate Random String" library="String">
<var>${first_name}</var>
<arg>6</arg>
<arg>[LOWER]</arg>
<doc>Generates a string with a desired ``length`` from the given ``chars``.</doc>
<status status="NOT RUN" starttime="20260807 17:03:23.946" endtime="20260807 17:03:23.946"/>
</kw>
<kw name="Generate Random String" library="String">
<var>${last_name}</var>
<arg>6</arg>
<arg>[LOWER]</arg>
<doc>Generates a string with a desired ``length`` from the given ``chars``.</doc>
<status status="NOT RUN" starttime="20260807 17:03:23.946" endtime="20260807 17:03:23.946"/>
</kw>
<kw name="Generate Random String" library="String">
<var>${mobile}</var>
<arg>10</arg>
<arg>[NUMBERS]</arg>
<doc>Generates a string with a desired ``length`` from the given ``chars``.</doc>
<status status="NOT RUN" starttime="20260807 17:03:23.947" endtime="20260807 17:03:23.947"/>
</kw>
<kw name="Set Variable" library="BuiltIn">
<var>${email}</var>
<arg>${first_name}.${last_name}@test.com</arg>
<doc>Returns the given values which can then be assigned to a variables.</doc>
<status status="NOT RUN" starttime="20260807 17:03:23.947" endtime="20260807 17:03:23.947"/>
</kw>
<kw name="Set Variable" library="BuiltIn">
<var>${address}</var>
<arg>123 Demo Street</arg>
<doc>Returns the given values which can then be assigned to a variables.</doc>
<status status="NOT RUN" starttime="20260807 17:03:23.948" endtime="20260807 17:03:23.948"/>
</kw>
<kw name="Input Text" library="SeleniumLibrary">
<arg>${FIRST_NAME_TXT}</arg>
<arg>${first_name}</arg>
<doc>Types the given ``text`` into the text field identified by ``locator``.</doc>
<status status="NOT RUN" starttime="20260807 17:03:23.949" endtime="20260807 17:03:23.949"/>
</kw>
<kw name="Input Text" library="SeleniumLibrary">
<arg>${LAST_NAME_TXT}</arg>
<arg>${last_name}</arg>
<doc>Types the given ``text`` into the text field identified by ``locator``.</doc>
<status status="NOT RUN" starttime="20260807 17:03:23.949" endtime="20260807 17:03:23.950"/>
</kw>
<kw name="Input Text" library="SeleniumLibrary">
<arg>${EMAIL_TXT}</arg>
<arg>${email}</arg>
<doc>Types the given ``text`` into the text field identified by ``locator``.</doc>
<status status="NOT RUN" starttime="20260807 17:03:23.950" endtime="20260807 17:03:23.950"/>
</kw>
<kw name="Click Element" library="SeleniumLibrary">
<arg>${GENDER_MALE_RDO}</arg>
<doc>Click the element identified by ``locator``.</doc>
<status status="NOT RUN" starttime="20260807 17:03:23.951" endtime="20260807 17:03:23.951"/>
</kw>
<kw name="Input Text" library="SeleniumLibrary">
<arg>${MOBILE_TXT}</arg>
<arg>${mobile}</arg>
<doc>Types the given ``text`` into the text field identified by ``locator``.</doc>
<status status="NOT RUN" starttime="20260807 17:03:23.951" endtime="20260807 17:03:23.951"/>
</kw>
<kw name="Execute Javascript" library="SeleniumLibrary">
<arg>document.getElementById('dateOfBirthInput').value='07 Aug 2026'</arg>
<doc>Executes the given JavaScript code with possible arguments.</doc>
<status status="NOT RUN" starttime="20260807 17:03:23.951" endtime="20260807 17:03:23.952"/>
</kw>
<kw name="Input Text" library="SeleniumLibrary">
<arg>${SUBJECTS_TXT}</arg>
<arg>Maths</arg>
<doc>Types the given ``text`` into the text field identified by ``locator``.</doc>
<status status="NOT RUN" starttime="20260807 17:03:23.952" endtime="20260807 17:03:23.952"/>
</kw>
<kw name="Sleep" library="BuiltIn">
<arg>1s</arg>
<doc>Pauses the test executed for the given time.</doc>
<status status="NOT RUN" starttime="20260807 17:03:23.952" endtime="20260807 17:03:23.952"/>
</kw>
<kw name="Press Keys" library="SeleniumLibrary">
<arg>${SUBJECTS_TXT}</arg>
<arg>RETURN</arg>
<doc>Simulates the user pressing key(s) to an element or on the active browser.</doc>
<status status="NOT RUN" starttime="20260807 17:03:23.953" endtime="20260807 17:03:23.953"/>
</kw>
<kw name="Click Element" library="SeleniumLibrary">
<arg>${SPORTS_CHK}</arg>
<doc>Click the element identified by ``locator``.</doc>
<status status="NOT RUN" starttime="20260807 17:03:23.954" endtime="20260807 17:03:23.954"/>
</kw>
<kw name="Click Element" library="SeleniumLibrary">
<arg>${READING_CHK}</arg>
<doc>Click the element identified by ``locator``.</doc>
<status status="NOT RUN" starttime="20260807 17:03:23.954" endtime="20260807 17:03:23.955"/>
</kw>
<kw name="Set Variable" library="BuiltIn">
<var>${picture_path}</var>
<arg>C:/Users/Public/Pictures/Sample Pictures/Koala.jpg</arg>
<doc>Returns the given values which can then be assigned to a variables.</doc>
<status status="NOT RUN" starttime="20260807 17:03:23.955" endtime="20260807 17:03:23.955"/>
</kw>
<kw name="Choose File" library="SeleniumLibrary">
<arg>${UPLOAD_PIC}</arg>
<arg>${picture_path}</arg>
<doc>Inputs the ``file_path`` into the file input field ``locator``.</doc>
<status status="NOT RUN" starttime="20260807 17:03:23.957" endtime="20260807 17:03:23.957"/>
</kw>
<kw name="Input Text" library="SeleniumLibrary">
<arg>${ADDRESS_TXA}</arg>
<arg>${address}</arg>
<doc>Types the given ``text`` into the text field identified by ``locator``.</doc>
<status status="NOT RUN" starttime="20260807 17:03:23.957" endtime="20260807 17:03:23.957"/>
</kw>
<kw name="Click Element" library="SeleniumLibrary">
<arg>${STATE_DDL}</arg>
<doc>Click the element identified by ``locator``.</doc>
<status status="NOT RUN" starttime="20260807 17:03:23.958" endtime="20260807 17:03:23.958"/>
</kw>
<kw name="Sleep" library="BuiltIn">
<arg>1s</arg>
<doc>Pauses the test executed for the given time.</doc>
<status status="NOT RUN" starttime="20260807 17:03:23.958" endtime="20260807 17:03:23.958"/>
</kw>
<kw name="Click Element" library="SeleniumLibrary">
<arg>${STATE_OPTION}</arg>
<doc>Click the element identified by ``locator``.</doc>
<status status="NOT RUN" starttime="20260807 17:03:23.959" endtime="20260807 17:03:23.959"/>
</kw>
<kw name="Sleep" library="BuiltIn">
<arg>1s</arg>
<doc>Pauses the test executed for the given time.</doc>
<status status="NOT RUN" starttime="20260807 17:03:23.959" endtime="20260807 17:03:23.960"/>
</kw>
<kw name="Click Element" library="SeleniumLibrary">
<arg>${CITY_DDL}</arg>
<doc>Click the element identified by ``locator``.</doc>
<status status="NOT RUN" starttime="20260807 17:03:23.960" endtime="20260807 17:03:23.960"/>
</kw>
<kw name="Sleep" library="BuiltIn">
<arg>1s</arg>
<doc>Pauses the test executed for the given time.</doc>
<status status="NOT RUN" starttime="20260807 17:03:23.961" endtime="20260807 17:03:23.961"/>
</kw>
<kw name="Click Element" library="SeleniumLibrary">
<arg>${CITY_OPTION}</arg>
<doc>Click the element identified by ``locator``.</doc>
<status status="NOT RUN" starttime="20260807 17:03:23.961" endtime="20260807 17:03:23.961"/>
</kw>
<kw name="Sleep" library="BuiltIn">
<arg>1s</arg>
<doc>Pauses the test executed for the given time.</doc>
<status status="NOT RUN" starttime="20260807 17:03:23.962" endtime="20260807 17:03:23.962"/>
</kw>
<kw name="Click Element" library="SeleniumLibrary">
<arg>${SUBMIT_BTN}</arg>
<doc>Click the element identified by ``locator``.</doc>
<status status="NOT RUN" starttime="20260807 17:03:23.962" endtime="20260807 17:03:23.963"/>
</kw>
<kw name="Sleep" library="BuiltIn">
<arg>2s</arg>
<doc>Pauses the test executed for the given time.</doc>
<status status="NOT RUN" starttime="20260807 17:03:23.963" endtime="20260807 17:03:23.963"/>
</kw>
<kw name="Element Should Be Visible" library="SeleniumLibrary">
<arg>${CONFIRM_MODAL}</arg>
<doc>Verifies that the element identified by ``locator`` is visible.</doc>
<status status="NOT RUN" starttime="20260807 17:03:23.964" endtime="20260807 17:03:23.964"/>
</kw>
<kw name="Get Text" library="SeleniumLibrary">
<var>${message}</var>
<arg>${CONFIRM_MODAL}</arg>
<doc>Returns the text value of the element identified by ``locator``.</doc>
<status status="NOT RUN" starttime="20260807 17:03:23.965" endtime="20260807 17:03:23.965"/>
</kw>
<kw name="Should Be Equal As Strings" library="BuiltIn">
<arg>${message}</arg>
<arg>Thanks for submitting the form</arg>
<doc>Fails if objects are unequal after converting them to strings.</doc>
<status status="NOT RUN" starttime="20260807 17:03:23.965" endtime="20260807 17:03:23.965"/>
</kw>
<kw name="Page Should Contain" library="SeleniumLibrary">
<arg>${first_name} ${last_name}</arg>
<doc>Verifies that current page contains ``text``.</doc>
<status status="NOT RUN" starttime="20260807 17:03:23.966" endtime="20260807 17:03:23.966"/>
</kw>
<kw name="Page Should Contain" library="SeleniumLibrary">
<arg>${email}</arg>
<doc>Verifies that current page contains ``text``.</doc>
<status status="NOT RUN" starttime="20260807 17:03:23.967" endtime="20260807 17:03:23.967"/>
</kw>
<kw name="Page Should Contain" library="SeleniumLibrary">
<arg>Male</arg>
<doc>Verifies that current page contains ``text``.</doc>
<status status="NOT RUN" starttime="20260807 17:03:23.967" endtime="20260807 17:03:23.967"/>
</kw>
<kw name="Page Should Contain" library="SeleniumLibrary">
<arg>${mobile}</arg>
<doc>Verifies that current page contains ``text``.</doc>
<status status="NOT RUN" starttime="20260807 17:03:23.969" endtime="20260807 17:03:23.969"/>
</kw>
<kw name="Page Should Contain" library="SeleniumLibrary">
<arg>07 August,2026</arg>
<doc>Verifies that current page contains ``text``.</doc>
<status status="NOT RUN" starttime="20260807 17:03:23.969" endtime="20260807 17:03:23.970"/>
</kw>
<kw name="Page Should Contain" library="SeleniumLibrary">
<arg>Maths</arg>
<doc>Verifies that current page contains ``text``.</doc>
<status status="NOT RUN" starttime="20260807 17:03:23.970" endtime="20260807 17:03:23.970"/>
</kw>
<kw name="Page Should Contain" library="SeleniumLibrary">
<arg>Sports, Reading</arg>
<doc>Verifies that current page contains ``text``.</doc>
<status status="NOT RUN" starttime="20260807 17:03:23.971" endtime="20260807 17:03:23.971"/>
</kw>
<kw name="Page Should Contain" library="SeleniumLibrary">
<arg>${address}</arg>
<doc>Verifies that current page contains ``text``.</doc>
<status status="NOT RUN" starttime="20260807 17:03:23.972" endtime="20260807 17:03:23.972"/>
</kw>
<kw name="Page Should Contain" library="SeleniumLibrary">
<arg>NCR Delhi</arg>
<doc>Verifies that current page contains ``text``.</doc>
<status status="NOT RUN" starttime="20260807 17:03:23.973" endtime="20260807 17:03:23.973"/>
</kw>
<kw name="Close Browser" library="SeleniumLibrary">
<doc>Closes the current browser.</doc>
<status status="NOT RUN" starttime="20260807 17:03:23.974" endtime="20260807 17:03:23.974"/>
</kw>
<status status="FAIL" starttime="20260807 17:03:23.877" endtime="20260807 17:03:23.975">WebDriverException: Message: 'chromedriver' executable needs to be in PATH. Please see https://chromedriver.chromium.org/home
</status>
</test>
<status status="FAIL" starttime="20260807 17:03:23.678" endtime="20260807 17:03:23.976"/>
</suite>
<statistics>
<total>
<stat pass="0" fail="1" skip="0">All Tests</stat>
</total>
<tag>
</tag>
<suite>
<stat pass="0" fail="1" skip="0" id="s1" name="RegisterNewStudent">RegisterNewStudent</stat>
</suite>
</statistics>
<errors>
<msg timestamp="20260807 17:03:23.875" level="ERROR">Error in file 'c:\Users\ngocgiangtm\automation\T-Shaped 2026\tests\RegisterNewStudent.robot' on line 6: Resource file '..\..\page_objects\pages\DemoQA\PracticeFormPage.robot' does not exist.</msg>
</errors>
</robot>
